<?xml version="1.0" encoding="UTF-8"?>
<testsuite name="cz.cvut.fit.gritsego.semestral.rest_api.TeamControllerTest" tests="6" skipped="0" failures="0" errors="0" timestamp="2021-01-06T15:24:43" hostname="DESKTOP-00B7A6Q" time="0.062">
  <properties/>
  <testcase name="delete()" classname="cz.cvut.fit.gritsego.semestral.rest_api.TeamControllerTest" time="0.006"/>
  <testcase name="update()" classname="cz.cvut.fit.gritsego.semestral.rest_api.TeamControllerTest" time="0.014"/>
  <testcase name="postNew()" classname="cz.cvut.fit.gritsego.semestral.rest_api.TeamControllerTest" time="0.009"/>
  <testcase name="readAll()" classname="cz.cvut.fit.gritsego.semestral.rest_api.TeamControllerTest" time="0.01"/>
  <testcase name="readOne()" classname="cz.cvut.fit.gritsego.semestral.rest_api.TeamControllerTest" time="0.007"/>
  <testcase name="addPlayers()" classname="cz.cvut.fit.gritsego.semestral.rest_api.TeamControllerTest" time="0.01"/>
  <system-out><![CDATA[2021-01-06 16:24:42.793  INFO 11148 --- [    Test worker] .b.t.c.SpringBootTestContextBootstrapper : Neither @ContextConfiguration nor @ContextHierarchy found for test class [cz.cvut.fit.gritsego.semestral.rest_api.TeamControllerTest], using SpringBootContextLoader
2021-01-06 16:24:42.794  INFO 11148 --- [    Test worker] o.s.t.c.support.AbstractContextLoader    : Could not detect default resource locations for test class [cz.cvut.fit.gritsego.semestral.rest_api.TeamControllerTest]: no resource found for suffixes {-context.xml, Context.groovy}.
2021-01-06 16:24:42.794  INFO 11148 --- [    Test worker] t.c.s.AnnotationConfigContextLoaderUtils : Could not detect default configuration classes for test class [cz.cvut.fit.gritsego.semestral.rest_api.TeamControllerTest]: TeamControllerTest does not declare any static, non-private, non-final, nested classes annotated with @Configuration.
2021-01-06 16:24:42.796  INFO 11148 --- [    Test worker] .b.t.c.SpringBootTestContextBootstrapper : Found @SpringBootConfiguration cz.cvut.fit.gritsego.semestral.SemestralApplication for test class cz.cvut.fit.gritsego.semestral.rest_api.TeamControllerTest
2021-01-06 16:24:42.798  INFO 11148 --- [    Test worker] .b.t.c.SpringBootTestContextBootstrapper : Loaded default TestExecutionListener class names from location [META-INF/spring.factories]: [org.springframework.boot.test.autoconfigure.restdocs.RestDocsTestExecutionListener, org.springframework.boot.test.autoconfigure.web.client.MockRestServiceServerResetTestExecutionListener, org.springframework.boot.test.autoconfigure.web.servlet.MockMvcPrintOnlyOnFailureTestExecutionListener, org.springframework.boot.test.autoconfigure.web.servlet.WebDriverTestExecutionListener, org.springframework.boot.test.autoconfigure.webservices.client.MockWebServiceServerTestExecutionListener, org.springframework.boot.test.mock.mockito.MockitoTestExecutionListener, org.springframework.boot.test.mock.mockito.ResetMocksTestExecutionListener, org.springframework.test.context.web.ServletTestExecutionListener, org.springframework.test.context.support.DirtiesContextBeforeModesTestExecutionListener, org.springframework.test.context.support.DependencyInjectionTestExecutionListener, org.springframework.test.context.support.DirtiesContextTestExecutionListener, org.springframework.test.context.transaction.TransactionalTestExecutionListener, org.springframework.test.context.jdbc.SqlScriptsTestExecutionListener, org.springframework.test.context.event.EventPublishingTestExecutionListener]
2021-01-06 16:24:42.798  INFO 11148 --- [    Test worker] .b.t.c.SpringBootTestContextBootstrapper : Using TestExecutionListeners: [org.springframework.test.context.web.ServletTestExecutionListener@978fa29, org.springframework.test.context.support.DirtiesContextBeforeModesTestExecutionListener@383368b2, org.springframework.boot.test.mock.mockito.MockitoTestExecutionListener@48df6cf5, org.springframework.boot.test.autoconfigure.SpringBootDependencyInjectionTestExecutionListener@634e8aa2, org.springframework.test.context.support.DirtiesContextTestExecutionListener@2d298d50, org.springframework.test.context.transaction.TransactionalTestExecutionListener@efc06bf, org.springframework.test.context.jdbc.SqlScriptsTestExecutionListener@3df76b51, org.springframework.test.context.event.EventPublishingTestExecutionListener@2a7bedd7, org.springframework.boot.test.autoconfigure.restdocs.RestDocsTestExecutionListener@4b59b6c5, org.springframework.boot.test.autoconfigure.web.client.MockRestServiceServerResetTestExecutionListener@25fe98ef, org.springframework.boot.test.autoconfigure.web.servlet.MockMvcPrintOnlyOnFailureTestExecutionListener@23d5c2e2, org.springframework.boot.test.autoconfigure.web.servlet.WebDriverTestExecutionListener@56b5861a, org.springframework.boot.test.autoconfigure.webservices.client.MockWebServiceServerTestExecutionListener@505cfd97, org.springframework.boot.test.mock.mockito.ResetMocksTestExecutionListener@1342e93]

  .   ____          _            __ _ _
 /\\ / ___'_ __ _ _(_)_ __  __ _ \ \ \ \
( ( )\___ | '_ | '_| | '_ \/ _` | \ \ \ \
 \\/  ___)| |_)| | | | | || (_| |  ) ) ) )
  '  |____| .__|_| |_|_| |_\__, | / / / /
 =========|_|==============|___/=/_/_/_/
 :: Spring Boot ::                (v2.4.0)

2021-01-06 16:24:42.816  INFO 11148 --- [    Test worker] c.c.f.g.s.rest_api.TeamControllerTest    : Starting TeamControllerTest using Java 15 on DESKTOP-00B7A6Q with PID 11148 (started by golyt in C:\Users\golyt\IdeaProjects\Semestral)
2021-01-06 16:24:42.816  INFO 11148 --- [    Test worker] c.c.f.g.s.rest_api.TeamControllerTest    : No active profile set, falling back to default profiles: default
2021-01-06 16:24:42.969  INFO 11148 --- [    Test worker] .s.d.r.c.RepositoryConfigurationDelegate : Bootstrapping Spring Data JPA repositories in DEFERRED mode.
2021-01-06 16:24:42.991  INFO 11148 --- [    Test worker] .s.d.r.c.RepositoryConfigurationDelegate : Finished Spring Data repository scanning in 21 ms. Found 3 JPA repository interfaces.
2021-01-06 16:24:43.168  INFO 11148 --- [    Test worker] o.s.s.concurrent.ThreadPoolTaskExecutor  : Initializing ExecutorService 'applicationTaskExecutor'
2021-01-06 16:24:43.173  INFO 11148 --- [    Test worker] com.zaxxer.hikari.HikariDataSource       : HikariPool-3 - Starting...
2021-01-06 16:24:43.174  INFO 11148 --- [    Test worker] com.zaxxer.hikari.HikariDataSource       : HikariPool-3 - Start completed.
2021-01-06 16:24:43.195  INFO 11148 --- [         task-1] o.hibernate.jpa.internal.util.LogHelper  : HHH000204: Processing PersistenceUnitInfo [name: default]
2021-01-06 16:24:43.203  INFO 11148 --- [         task-1] org.hibernate.dialect.Dialect            : HHH000400: Using dialect: org.hibernate.dialect.H2Dialect
2021-01-06 16:24:43.292  INFO 11148 --- [         task-1] o.h.e.t.j.p.i.JtaPlatformInitiator       : HHH000490: Using JtaPlatform implementation: [org.hibernate.engine.transaction.jta.platform.internal.NoJtaPlatform]
2021-01-06 16:24:43.292  INFO 11148 --- [         task-1] j.LocalContainerEntityManagerFactoryBean : Initialized JPA EntityManagerFactory for persistence unit 'default'
2021-01-06 16:24:43.361  WARN 11148 --- [    Test worker] JpaBaseConfiguration$JpaWebConfiguration : spring.jpa.open-in-view is enabled by default. Therefore, database queries may be performed during view rendering. Explicitly configure spring.jpa.open-in-view to disable this warning
2021-01-06 16:24:43.786  INFO 11148 --- [    Test worker] o.s.b.t.m.w.SpringBootMockServletContext : Initializing Spring TestDispatcherServlet ''
2021-01-06 16:24:43.786  INFO 11148 --- [    Test worker] o.s.t.web.servlet.TestDispatcherServlet  : Initializing Servlet ''
2021-01-06 16:24:43.786  INFO 11148 --- [    Test worker] o.s.t.web.servlet.TestDispatcherServlet  : Completed initialization in 0 ms
2021-01-06 16:24:43.793  INFO 11148 --- [    Test worker] DeferredRepositoryInitializationListener : Triggering deferred initialization of Spring Data repositories…
2021-01-06 16:24:43.873  INFO 11148 --- [    Test worker] DeferredRepositoryInitializationListener : Spring Data repositories initialized!
2021-01-06 16:24:43.875  INFO 11148 --- [    Test worker] c.c.f.g.s.rest_api.TeamControllerTest    : Started TeamControllerTest in 1.075 seconds (JVM running for 6.759)
]]></system-out>
  <system-err><![CDATA[]]></system-err>
</testsuite>
